2023-01-02 10:13:55,181 - __main__ - INFO - Token value: Token not available!
2023-01-02 10:13:55,558 - __main__ - INFO - Jawa Barat, Bekasi: Cerah Berawan, Max Temperature 30°C, 86°F
2023-01-02 04:24:30,515 - __main__ - INFO - Token value: 1234
2023-01-02 04:24:31,633 - __main__ - INFO - Jawa Barat, Bekasi: Cerah Berawan, Max Temperature 30°C|86°F This information is provided by BMKG (Badan Meteorologi, Klimatologi, dan Geofisika)
2023-01-02 04:41:19,251 - __main__ - INFO - Token value: 1234
2023-01-02 04:41:20,434 - __main__ - INFO - Jawa Barat, Bekasi: Cerah Berawan, Max Temperature 30°C|86°F This information is provided by BMKG (Badan Meteorologi, Klimatologi, dan Geofisika)
2023-01-02 05:18:00,049 - __main__ - INFO - Token value: 1234
2023-01-02 05:18:01,160 - __main__ - INFO - Jawa Barat, Bekasi: Cerah Berawan, Max Temperature 30°C|86°F This information is provided by BMKG (Badan Meteorologi, Klimatologi, dan Geofisika)
2023-01-02 05:38:14,007 - __main__ - INFO - Token value: 1234
2023-01-02 05:38:15,045 - __main__ - INFO - Jawa Barat, Bekasi: Cerah Berawan, Max Temperature 30°C|86°F This information is provided by BMKG (Badan Meteorologi, Klimatologi, dan Geofisika)
2023-01-02 06:24:39,883 - __main__ - INFO - Token value: 1234
2023-01-02 06:24:40,840 - __main__ - INFO - Jawa Barat, Bekasi: Cerah Berawan, Max Temperature 30°C|86°F This information is provided by BMKG (Badan Meteorologi, Klimatologi, dan Geofisika)
2023-01-02 06:41:35,345 - __main__ - INFO - Token value: 1234
2023-01-02 06:41:36,439 - __main__ - INFO - Jawa Barat, Bekasi: Cerah Berawan, Max Temperature 30°C|86°F This information is provided by BMKG (Badan Meteorologi, Klimatologi, dan Geofisika)
2023-01-02 07:17:33,183 - __main__ - INFO - Token value: 1234
2023-01-02 07:17:34,287 - __main__ - INFO - Jawa Barat, Bekasi: Cerah Berawan, Max Temperature 30°C|86°F This information is provided by BMKG (Badan Meteorologi, Klimatologi, dan Geofisika)
2023-01-02 07:38:09,964 - __main__ - INFO - Token value: 1234
2023-01-02 07:38:11,004 - __main__ - INFO - Jawa Barat, Bekasi: Cerah Berawan, Max Temperature 30°C|86°F This information is provided by BMKG (Badan Meteorologi, Klimatologi, dan Geofisika)
2023-01-02 08:25:25,248 - __main__ - INFO - Token value: 1234
2023-01-02 08:25:26,377 - __main__ - INFO - Jawa Barat, Bekasi: Cerah Berawan, Max Temperature 30°C|86°F This information is provided by BMKG (Badan Meteorologi, Klimatologi, dan Geofisika)
2023-01-02 08:41:13,486 - __main__ - INFO - Token value: 1234
2023-01-02 08:41:14,507 - __main__ - INFO - Jawa Barat, Bekasi: Cerah Berawan, Max Temperature 30°C|86°F This information is provided by BMKG (Badan Meteorologi, Klimatologi, dan Geofisika)
2023-01-02 09:18:49,385 - __main__ - INFO - Token value: 1234
2023-01-02 09:18:50,354 - __main__ - INFO - Jawa Barat, Bekasi: Cerah Berawan, Max Temperature 30°C|86°F This information is provided by BMKG (Badan Meteorologi, Klimatologi, dan Geofisika)
2023-01-02 09:38:21,041 - __main__ - INFO - Token value: 1234
2023-01-02 09:38:22,279 - __main__ - INFO - Jawa Barat, Bekasi: Cerah Berawan, Max Temperature 30°C|86°F This information is provided by BMKG (Badan Meteorologi, Klimatologi, dan Geofisika)
2023-01-02 10:20:58,396 - __main__ - INFO - Token value: 1234
2023-01-02 10:20:59,584 - __main__ - INFO - Jawa Barat, Bekasi: Cerah Berawan, Max Temperature 30°C|86°F This information is provided by BMKG (Badan Meteorologi, Klimatologi, dan Geofisika)
2023-01-02 10:39:01,280 - __main__ - INFO - Token value: 1234
2023-01-02 10:39:02,513 - __main__ - INFO - Jawa Barat, Bekasi: Cerah Berawan, Max Temperature 30°C|86°F This information is provided by BMKG (Badan Meteorologi, Klimatologi, dan Geofisika)
2023-01-02 11:16:00,155 - __main__ - INFO - Token value: 1234
2023-01-02 11:16:01,148 - __main__ - INFO - Jawa Barat, Bekasi: Cerah Berawan, Max Temperature 30°C|86°F This information is provided by BMKG (Badan Meteorologi, Klimatologi, dan Geofisika)
2023-01-02 11:38:06,859 - __main__ - INFO - Token value: 1234
2023-01-02 11:38:07,911 - __main__ - INFO - Jawa Barat, Bekasi: Cerah Berawan, Max Temperature 30°C|86°F This information is provided by BMKG (Badan Meteorologi, Klimatologi, dan Geofisika)
2023-01-02 12:38:13,564 - __main__ - INFO - Token value: 1234
2023-01-02 12:38:15,200 - __main__ - INFO - Jawa Barat, Bekasi: Cerah Berawan, Max Temperature 30°C|86°F This information is provided by BMKG (Badan Meteorologi, Klimatologi, dan Geofisika)
2023-01-02 13:24:19,465 - __main__ - INFO - Token value: 1234
2023-01-02 13:24:20,503 - __main__ - INFO - Jawa Barat, Bekasi: Cerah Berawan, Max Temperature 30°C|86°F This information is provided by BMKG (Badan Meteorologi, Klimatologi, dan Geofisika)
2023-01-02 13:38:13,117 - __main__ - INFO - Token value: 1234
2023-01-02 13:38:14,078 - __main__ - INFO - Jawa Barat, Bekasi: Cerah Berawan, Max Temperature 30°C|86°F This information is provided by BMKG (Badan Meteorologi, Klimatologi, dan Geofisika)
2023-01-02 14:17:26,299 - __main__ - INFO - Token value: 1234
2023-01-02 14:17:27,275 - __main__ - INFO - Jawa Barat, Bekasi: Cerah Berawan, Max Temperature 30°C|86°F This information is provided by BMKG (Badan Meteorologi, Klimatologi, dan Geofisika)
2023-01-02 14:38:14,450 - __main__ - INFO - Token value: 1234
2023-01-02 14:38:15,605 - __main__ - INFO - Jawa Barat, Bekasi: Cerah Berawan, Max Temperature 30°C|86°F This information is provided by BMKG (Badan Meteorologi, Klimatologi, dan Geofisika)
2023-01-02 15:19:54,417 - __main__ - INFO - Token value: 1234
2023-01-02 15:19:55,454 - __main__ - INFO - Jawa Barat, Bekasi: Cerah Berawan, Max Temperature 30°C|86°F This information is provided by BMKG (Badan Meteorologi, Klimatologi, dan Geofisika)
2023-01-02 15:38:21,644 - __main__ - INFO - Token value: 1234
2023-01-02 15:38:22,814 - __main__ - INFO - Jawa Barat, Bekasi: Cerah Berawan, Max Temperature 30°C|86°F This information is provided by BMKG (Badan Meteorologi, Klimatologi, dan Geofisika)
2023-01-02 16:26:38,328 - __main__ - INFO - Token value: 1234
2023-01-02 16:26:39,514 - __main__ - INFO - Jawa Barat, Bekasi: Cerah Berawan, Max Temperature 30°C|86°F This information is provided by BMKG (Badan Meteorologi, Klimatologi, dan Geofisika)
2023-01-02 16:46:23,951 - __main__ - INFO - Token value: 1234
2023-01-02 16:46:25,006 - __main__ - INFO - Jawa Barat, Bekasi: Cerah Berawan, Max Temperature 30°C|86°F This information is provided by BMKG (Badan Meteorologi, Klimatologi, dan Geofisika)
2023-01-02 17:16:48,610 - __main__ - INFO - Token value: 1234
2023-01-02 17:16:49,618 - __main__ - INFO - Jawa Barat, Bekasi: Cerah Berawan, Max Temperature 30°C|86°F This information is provided by BMKG (Badan Meteorologi, Klimatologi, dan Geofisika)
2023-01-02 17:38:25,534 - __main__ - INFO - Token value: 1234
2023-01-02 17:38:26,716 - __main__ - INFO - Jawa Barat, Bekasi: Cerah Berawan, Max Temperature 30°C|86°F This information is provided by BMKG (Badan Meteorologi, Klimatologi, dan Geofisika)
2023-01-02 18:23:10,893 - __main__ - INFO - Token value: 1234
2023-01-02 18:23:11,950 - __main__ - INFO - Jawa Barat, Bekasi: Cerah Berawan, Max Temperature 30°C|86°F This information is provided by BMKG (Badan Meteorologi, Klimatologi, dan Geofisika)
2023-01-02 18:40:31,116 - __main__ - INFO - Token value: 1234
2023-01-02 18:40:32,343 - __main__ - INFO - Jawa Barat, Bekasi: Cerah Berawan, Max Temperature 30°C|86°F This information is provided by BMKG (Badan Meteorologi, Klimatologi, dan Geofisika)
2023-01-02 19:14:46,038 - __main__ - INFO - Token value: 1234
2023-01-02 19:14:47,139 - __main__ - INFO - Jawa Barat, Bekasi: Cerah Berawan, Max Temperature 30°C|86°F This information is provided by BMKG (Badan Meteorologi, Klimatologi, dan Geofisika)
2023-01-02 19:38:11,263 - __main__ - INFO - Token value: 1234
2023-01-02 19:38:12,282 - __main__ - INFO - Jawa Barat, Bekasi: Cerah Berawan, Max Temperature 30°C|86°F This information is provided by BMKG (Badan Meteorologi, Klimatologi, dan Geofisika)
2023-01-02 20:19:47,408 - __main__ - INFO - Token value: 1234
2023-01-02 20:19:48,569 - __main__ - INFO - Jawa Barat, Bekasi: Cerah Berawan, Max Temperature 30°C|86°F This information is provided by BMKG (Badan Meteorologi, Klimatologi, dan Geofisika)
2023-01-02 20:38:33,943 - __main__ - INFO - Token value: 1234
2023-01-02 20:38:34,975 - __main__ - INFO - Jawa Barat, Bekasi: Cerah Berawan, Max Temperature 30°C|86°F This information is provided by BMKG (Badan Meteorologi, Klimatologi, dan Geofisika)
2023-01-02 21:16:23,241 - __main__ - INFO - Token value: 1234
2023-01-02 21:16:24,396 - __main__ - INFO - Jawa Barat, Bekasi: Cerah Berawan, Max Temperature 30°C|86°F This information is provided by BMKG (Badan Meteorologi, Klimatologi, dan Geofisika)
2023-01-02 21:38:34,820 - __main__ - INFO - Token value: 1234
2023-01-02 21:38:36,008 - __main__ - INFO - Jawa Barat, Bekasi: Cerah Berawan, Max Temperature 30°C|86°F This information is provided by BMKG (Badan Meteorologi, Klimatologi, dan Geofisika)
2023-01-02 22:18:02,698 - __main__ - INFO - Token value: 1234
2023-01-02 22:18:03,864 - __main__ - INFO - Jawa Barat, Bekasi: Cerah Berawan, Max Temperature 30°C|86°F This information is provided by BMKG (Badan Meteorologi, Klimatologi, dan Geofisika)
2023-01-02 22:38:12,738 - __main__ - INFO - Token value: 1234
2023-01-02 22:38:13,741 - __main__ - INFO - Jawa Barat, Bekasi: Cerah Berawan, Max Temperature 30°C|86°F This information is provided by BMKG (Badan Meteorologi, Klimatologi, dan Geofisika)
2023-01-02 23:19:08,568 - __main__ - INFO - Token value: 1234
2023-01-02 23:19:09,576 - __main__ - INFO - Jawa Barat, Bekasi: Cerah Berawan, Max Temperature 30°C|86°F This information is provided by BMKG (Badan Meteorologi, Klimatologi, dan Geofisika)
2023-01-02 23:38:30,043 - __main__ - INFO - Token value: 1234
2023-01-02 23:38:31,265 - __main__ - INFO - Jawa Barat, Bekasi: Cerah Berawan, Max Temperature 30°C|86°F This information is provided by BMKG (Badan Meteorologi, Klimatologi, dan Geofisika)
2023-01-03 01:39:45,296 - __main__ - INFO - Token value: 1234
2023-01-03 01:39:46,328 - __main__ - INFO - Jawa Barat, Bekasi: Cerah Berawan, Max Temperature 30°C|86°F This information is provided by BMKG (Badan Meteorologi, Klimatologi, dan Geofisika)
2023-01-03 02:38:13,156 - __main__ - INFO - Token value: 1234
2023-01-03 02:38:14,201 - __main__ - INFO - Jawa Barat, Bekasi: Cerah Berawan, Max Temperature 30°C|86°F This information is provided by BMKG (Badan Meteorologi, Klimatologi, dan Geofisika)
2023-01-03 03:20:55,735 - __main__ - INFO - Token value: 1234
2023-01-03 03:20:56,768 - __main__ - INFO - Jawa Barat, Bekasi: Cerah Berawan, Max Temperature 30°C|86°F This information is provided by BMKG (Badan Meteorologi, Klimatologi, dan Geofisika)
2023-01-03 03:38:34,914 - __main__ - INFO - Token value: 1234
2023-01-03 03:38:35,902 - __main__ - INFO - Jawa Barat, Bekasi: Cerah Berawan, Max Temperature 30°C|86°F This information is provided by BMKG (Badan Meteorologi, Klimatologi, dan Geofisika)
2023-01-03 04:23:41,906 - __main__ - INFO - Token value: 1234
2023-01-03 04:23:42,892 - __main__ - INFO - Jawa Barat, Bekasi: Cerah Berawan, Max Temperature 30°C|86°F This information is provided by BMKG (Badan Meteorologi, Klimatologi, dan Geofisika)
2023-01-03 04:40:48,699 - __main__ - INFO - Token value: 1234
2023-01-03 04:40:49,874 - __main__ - INFO - Jawa Barat, Bekasi: Cerah Berawan, Max Temperature 30°C|86°F This information is provided by BMKG (Badan Meteorologi, Klimatologi, dan Geofisika)
2023-01-03 05:17:45,487 - __main__ - INFO - Token value: 1234
2023-01-03 05:17:46,647 - __main__ - INFO - Jawa Barat, Bekasi: Cerah Berawan, Max Temperature 30°C|86°F This information is provided by BMKG (Badan Meteorologi, Klimatologi, dan Geofisika)
2023-01-03 05:38:21,792 - __main__ - INFO - Token value: 1234
2023-01-03 05:38:22,833 - __main__ - INFO - Jawa Barat, Bekasi: Cerah Berawan, Max Temperature 30°C|86°F This information is provided by BMKG (Badan Meteorologi, Klimatologi, dan Geofisika)
2023-01-03 06:23:34,666 - __main__ - INFO - Token value: 1234
2023-01-03 06:23:35,645 - __main__ - INFO - Jawa Barat, Bekasi: Cerah Berawan, Max Temperature 30°C|86°F This information is provided by BMKG (Badan Meteorologi, Klimatologi, dan Geofisika)
2023-01-03 06:41:02,323 - __main__ - INFO - Token value: 1234
2023-01-03 06:41:03,372 - __main__ - INFO - Jawa Barat, Bekasi: Cerah Berawan, Max Temperature 30°C|86°F This information is provided by BMKG (Badan Meteorologi, Klimatologi, dan Geofisika)
2023-01-03 07:17:10,912 - __main__ - INFO - Token value: 1234
2023-01-03 07:17:12,110 - __main__ - INFO - Jawa Barat, Bekasi: Cerah Berawan, Max Temperature 31°C|87.8°F This information is provided by BMKG (Badan Meteorologi, Klimatologi, dan Geofisika)
2023-01-03 07:38:17,618 - __main__ - INFO - Token value: 1234
2023-01-03 07:38:18,702 - __main__ - INFO - Jawa Barat, Bekasi: Cerah Berawan, Max Temperature 31°C|87.8°F This information is provided by BMKG (Badan Meteorologi, Klimatologi, dan Geofisika)
2023-01-03 08:25:12,910 - __main__ - INFO - Token value: 1234
2023-01-03 08:25:13,896 - __main__ - INFO - Jawa Barat, Bekasi: Cerah Berawan, Max Temperature 31°C|87.8°F This information is provided by BMKG (Badan Meteorologi, Klimatologi, dan Geofisika)
2023-01-03 08:40:57,180 - __main__ - INFO - Token value: 1234
2023-01-03 08:40:58,232 - __main__ - INFO - Jawa Barat, Bekasi: Cerah Berawan, Max Temperature 31°C|87.8°F This information is provided by BMKG (Badan Meteorologi, Klimatologi, dan Geofisika)
2023-01-03 09:18:56,989 - __main__ - INFO - Token value: 1234
2023-01-03 09:18:58,128 - __main__ - INFO - Jawa Barat, Bekasi: Cerah Berawan, Max Temperature 31°C|87.8°F This information is provided by BMKG (Badan Meteorologi, Klimatologi, dan Geofisika)
2023-01-03 09:38:27,491 - __main__ - INFO - Token value: 1234
2023-01-03 09:38:28,517 - __main__ - INFO - Jawa Barat, Bekasi: Cerah Berawan, Max Temperature 31°C|87.8°F This information is provided by BMKG (Badan Meteorologi, Klimatologi, dan Geofisika)
2023-01-03 10:21:07,988 - __main__ - INFO - Token value: 1234
2023-01-03 10:21:09,184 - __main__ - INFO - Jawa Barat, Bekasi: Cerah Berawan, Max Temperature 31°C|87.8°F This information is provided by BMKG (Badan Meteorologi, Klimatologi, dan Geofisika)
2023-01-03 10:39:14,832 - __main__ - INFO - Token value: 1234
2023-01-03 10:39:15,889 - __main__ - INFO - Jawa Barat, Bekasi: Cerah Berawan, Max Temperature 31°C|87.8°F This information is provided by BMKG (Badan Meteorologi, Klimatologi, dan Geofisika)
2023-01-03 11:15:45,437 - __main__ - INFO - Token value: 1234
2023-01-03 11:15:46,607 - __main__ - INFO - Jawa Barat, Bekasi: Cerah Berawan, Max Temperature 31°C|87.8°F This information is provided by BMKG (Badan Meteorologi, Klimatologi, dan Geofisika)
2023-01-03 11:38:20,582 - __main__ - INFO - Token value: 1234
2023-01-03 11:38:21,574 - __main__ - INFO - Jawa Barat, Bekasi: Cerah Berawan, Max Temperature 31°C|87.8°F This information is provided by BMKG (Badan Meteorologi, Klimatologi, dan Geofisika)
2023-01-03 12:38:46,504 - __main__ - INFO - Token value: 1234
2023-01-03 12:38:47,475 - __main__ - INFO - Jawa Barat, Bekasi: Cerah Berawan, Max Temperature 31°C|87.8°F This information is provided by BMKG (Badan Meteorologi, Klimatologi, dan Geofisika)
2023-01-03 13:24:42,919 - __main__ - INFO - Token value: 1234
2023-01-03 13:24:43,995 - __main__ - INFO - Jawa Barat, Bekasi: Cerah Berawan, Max Temperature 31°C|87.8°F This information is provided by BMKG (Badan Meteorologi, Klimatologi, dan Geofisika)
2023-01-03 13:38:48,043 - __main__ - INFO - Token value: 1234
2023-01-03 13:38:49,010 - __main__ - INFO - Jawa Barat, Bekasi: Cerah Berawan, Max Temperature 31°C|87.8°F This information is provided by BMKG (Badan Meteorologi, Klimatologi, dan Geofisika)
2023-01-03 14:18:17,098 - __main__ - INFO - Token value: 1234
2023-01-03 14:18:18,362 - __main__ - INFO - Jawa Barat, Bekasi: Cerah Berawan, Max Temperature 31°C|87.8°F This information is provided by BMKG (Badan Meteorologi, Klimatologi, dan Geofisika)
2023-01-03 14:38:48,416 - __main__ - INFO - Token value: 1234
2023-01-03 14:38:49,526 - __main__ - INFO - Jawa Barat, Bekasi: Cerah Berawan, Max Temperature 31°C|87.8°F This information is provided by BMKG (Badan Meteorologi, Klimatologi, dan Geofisika)
